<?xml version="1.0" encoding="UTF-8"?>
<!-- Generated by org.testng.reporters.JUnitXMLReporter -->
<testsuite ignored="2" hostname="Vineela" failures="0" tests="1" name="ui-automation" time="12.577" errors="0" timestamp="2025-10-28T19:18:38 IST">
  <testcase classname="com.ui.test.LoginTest" name="loginExcelTest" time="2.793"/>
  <testcase classname="com.ui.test.LoginTest" name="loginCSVTest" time="0.0">
    <ignored/>
  </testcase> <!-- loginCSVTest -->
  <testcase classname="com.ui.test.LoginTest" name="loginTest" time="0.0">
    <ignored/>
  </testcase> <!-- loginTest -->
</testsuite> <!-- ui-automation -->
