<?xml version="1.0" encoding="UTF-8"?>
<testng-results ignored="0" total="1" passed="1" failed="0" skipped="0">
  <reporter-output>
  </reporter-output>
  <suite started-at="2025-10-08T19:03:35 IST" name="Default suite" finished-at="2025-10-08T19:03:47 IST" duration-ms="12368">
    <groups>
      <group name="sanity">
        <method signature="LoginTest.loginExcelTest(com.ui.pojo.User)[pri:0, instance:com.ui.test.LoginTest@1bb5a082]" name="loginExcelTest" class="com.ui.test.LoginTest"/>
      </group> <!-- sanity -->
      <group name="e2e">
        <method signature="LoginTest.loginExcelTest(com.ui.pojo.User)[pri:0, instance:com.ui.test.LoginTest@1bb5a082]" name="loginExcelTest" class="com.ui.test.LoginTest"/>
      </group> <!-- e2e -->
    </groups>
    <test started-at="2025-10-08T19:03:35 IST" name="Default test" finished-at="2025-10-08T19:03:47 IST" duration-ms="12368">
      <class name="com.ui.test.LoginTest">
        <test-method is-config="true" signature="setUp()[pri:0, instance:com.ui.test.LoginTest@1bb5a082]" started-at="2025-10-08T19:03:36 IST" name="setUp" description="load the homepage of the website" finished-at="2025-10-08T19:03:45 IST" duration-ms="8950" status="PASS">
          <reporter-output>
          </reporter-output>
        </test-method> <!-- setUp -->
        <test-method signature="loginExcelTest(com.ui.pojo.User)[pri:0, instance:com.ui.test.LoginTest@1bb5a082]" started-at="2025-10-08T19:03:45 IST" name="loginExcelTest" description="verifies with the valid user is able to login into the application" data-provider="LoginTestExcelDataProvider" finished-at="2025-10-08T19:03:47 IST" duration-ms="2524" status="PASS">
          <params>
            <param index="0">
              <value>
                <![CDATA[User [emailAddress=xidic56063@aupvs.com, password=Test@123]]]>
              </value>
            </param>
          </params>
          <reporter-output>
          </reporter-output>
        </test-method> <!-- loginExcelTest -->
      </class> <!-- com.ui.test.LoginTest -->
    </test> <!-- Default test -->
  </suite> <!-- Default suite -->
</testng-results>
